{
  "RSpec": {
    "coverage": {
      "/home/jao/code/backend/ruby/blog/config/environment.rb": {
        "lines": [
          null,
          1,
          null,
          null,
          1
        ]
      },
      "/home/jao/code/backend/ruby/blog/config/application.rb": {
        "lines": [
          1,
          null,
          1,
          null,
          null,
          null,
          1,
          null,
          1,
          1,
          null,
          1,
          null,
          null,
          null,
          null,
          null,
          null,
          null,
          null,
          null,
          null
        ]
      },
      "/home/jao/code/backend/ruby/blog/config/boot.rb": {
        "lines": [
          1,
          null,
          1,
          1
        ]
      },
      "/home/jao/code/backend/ruby/blog/config/environments/test.rb": {
        "lines": [
          1,
          null,
          null,
          null,
          null,
          null,
          null,
          1,
          null,
          null,
          1,
          1,
          null,
          null,
          null,
          null,
          1,
          null,
          null,
          1,
          1,
          null,
          null,
          null,
          null,
          1,
          1,
          1,
          null,
          null,
          1,
          null,
          null,
          1,
          null,
          null,
          1,
          null,
          1,
          null,
          null,
          null,
          null,
          1,
          null,
          null,
          1,
          null,
          null,
          1,
          null,
          null,
          1,
          null,
          null,
          null,
          null,
          null,
          null,
          null
        ]
      },
      "/home/jao/code/backend/ruby/blog/config/initializers/application_controller_renderer.rb": {
        "lines": [
          null,
          null,
          null,
          null,
          null,
          null,
          null,
          null
        ]
      },
      "/home/jao/code/backend/ruby/blog/config/initializers/assets.rb": {
        "lines": [
          null,
          null,
          null,
          1,
          null,
          null,
          null,
          null,
          1,
          null,
          null,
          null,
          null,
          null
        ]
      },
      "/home/jao/code/backend/ruby/blog/config/initializers/backtrace_silencers.rb": {
        "lines": [
          null,
          null,
          null,
          null,
          null,
          null,
          null,
          1
        ]
      },
      "/home/jao/code/backend/ruby/blog/config/initializers/content_security_policy.rb": {
        "lines": [
          null,
          null,
          null,
          null,
          null,
          null,
          null,
          null,
          null,
          null,
          null,
          null,
          null,
          null,
          null,
          null,
          null,
          null,
          null,
          null,
          null,
          null,
          null,
          null,
          null,
          null,
          null,
          null,
          null,
          null
        ]
      },
      "/home/jao/code/backend/ruby/blog/config/initializers/cookies_serializer.rb": {
        "lines": [
          null,
          null,
          null,
          null,
          1
        ]
      },
      "/home/jao/code/backend/ruby/blog/config/initializers/devise.rb": {
        "lines": [
          null,
          null,
          null,
          null,
          null,
          null,
          null,
          null,
          null,
          null,
          1,
          null,
          null,
          null,
          null,
          null,
          null,
          null,
          null,
          null,
          null,
          null,
          null,
          null,
          null,
          null,
          1,
          null,
          null,
          null,
          null,
          null,
          null,
          null,
          null,
          null,
          null,
          null,
          1,
          null,
          null,
          null,
          null,
          null,
          null,
          null,
          null,
          null,
          null,
          null,
          null,
          null,
          null,
          null,
          null,
          null,
          null,
          null,
          null,
          null,
          1,
          null,
          null,
          null,
          null,
          1,
          null,
          null,
          null,
          null,
          null,
          null,
          null,
          null,
          null,
          null,
          null,
          null,
          null,
          null,
          null,
          null,
          null,
          null,
          null,
          null,
          null,
          null,
          null,
          null,
          null,
          null,
          null,
          null,
          null,
          null,
          null,
          null,
          null,
          1,
          null,
          null,
          null,
          null,
          null,
          null,
          null,
          null,
          null,
          null,
          null,
          null,
          null,
          null,
          null,
          null,
          null,
          null,
          null,
          null,
          null,
          null,
          null,
          null,
          null,
          1,
          null,
          null,
          null,
          null,
          null,
          null,
          null,
          null,
          null,
          null,
          null,
          null,
          null,
          null,
          null,
          null,
          null,
          null,
          null,
          null,
          null,
          null,
          null,
          null,
          null,
          null,
          null,
          null,
          null,
          null,
          null,
          null,
          null,
          1,
          null,
          null,
          null,
          null,
          null,
          null,
          null,
          null,
          null,
          1,
          null,
          null,
          null,
          null,
          null,
          null,
          null,
          null,
          null,
          null,
          1,
          null,
          null,
          null,
          null,
          1,
          null,
          null,
          null,
          null,
          null,
          null,
          null,
          null,
          null,
          null,
          null,
          null,
          null,
          null,
          null,
          null,
          null,
          null,
          null,
          null,
          null,
          null,
          null,
          null,
          null,
          null,
          null,
          null,
          null,
          null,
          null,
          null,
          null,
          null,
          null,
          null,
          null,
          null,
          null,
          null,
          1,
          null,
          null,
          null,
          null,
          null,
          null,
          null,
          null,
          null,
          null,
          null,
          null,
          null,
          null,
          null,
          null,
          null,
          null,
          null,
          null,
          null,
          null,
          null,
          null,
          null,
          null,
          null,
          null,
          null,
          null,
          null,
          null,
          null,
          null,
          null,
          null,
          null,
          null,
          null,
          null,
          null,
          1,
          null,
          null,
          null,
          null,
          null,
          null,
          null,
          null,
          null,
          null,
          null,
          null,
          null,
          null,
          null,
          null,
          null,
          null,
          null,
          null,
          null,
          null,
          null,
          null,
          null,
          null,
          null,
          null,
          null,
          null,
          null,
          null,
          null,
          null,
          null,
          null,
          null,
          null,
          null,
          null,
          null,
          null
        ]
      },
      "/home/jao/code/backend/ruby/blog/config/initializers/filter_parameter_logging.rb": {
        "lines": [
          null,
          null,
          null,
          1,
          null,
          null
        ]
      },
      "/home/jao/code/backend/ruby/blog/config/initializers/inflections.rb": {
        "lines": [
          null,
          null,
          null,
          null,
          null,
          null,
          null,
          null,
          null,
          null,
          null,
          null,
          null,
          null,
          null,
          null
        ]
      },
      "/home/jao/code/backend/ruby/blog/config/initializers/mime_types.rb": {
        "lines": [
          null,
          null,
          null,
          null
        ]
      },
      "/home/jao/code/backend/ruby/blog/config/initializers/permissions_policy.rb": {
        "lines": [
          null,
          null,
          null,
          null,
          null,
          null,
          null,
          null,
          null,
          null,
          null
        ]
      },
      "/home/jao/code/backend/ruby/blog/config/initializers/wrap_parameters.rb": {
        "lines": [
          null,
          null,
          null,
          null,
          null,
          null,
          1,
          2,
          null,
          null,
          null,
          null,
          null,
          null
        ]
      },
      "/home/jao/code/backend/ruby/blog/spec/factories/articles.rb": {
        "lines": [
          1,
          1,
          19,
          19,
          null,
          null
        ]
      },
      "/home/jao/code/backend/ruby/blog/spec/factories/comments.rb": {
        "lines": [
          1,
          1,
          null,
          null,
          null
        ]
      },
      "/home/jao/code/backend/ruby/blog/spec/factories/roles.rb": {
        "lines": [
          1,
          1,
          10,
          10,
          null,
          null
        ]
      },
      "/home/jao/code/backend/ruby/blog/spec/factories/users.rb": {
        "lines": [
          1,
          null,
          1,
          1,
          44,
          44,
          44,
          44,
          44,
          null,
          null,
          1,
          27,
          27,
          27,
          27,
          27,
          null,
          null,
          1,
          2,
          2,
          2,
          2,
          2,
          null,
          null
        ]
      },
      "/home/jao/code/backend/ruby/blog/config/routes.rb": {
        "lines": [
          1,
          1,
          null,
          1,
          1,
          null,
          null,
          1,
          1,
          null,
          null,
          1,
          null,
          1,
          null,
          null
        ]
      },
      "/home/jao/code/backend/ruby/blog/app/models/user.rb": {
        "lines": [
          1,
          null,
          null,
          1,
          null,
          null,
          1,
          1,
          1,
          null,
          1,
          1,
          1,
          1,
          null,
          null,
          1,
          68,
          null,
          null,
          1,
          45,
          null,
          null,
          1,
          19,
          null,
          null,
          1,
          20,
          null,
          null
        ]
      },
      "/home/jao/code/backend/ruby/blog/app/models/application_record.rb": {
        "lines": [
          1,
          1,
          null
        ]
      },
      "/home/jao/code/backend/ruby/blog/app/helpers/application_helper.rb": {
        "lines": [
          1,
          1,
          1,
          1,
          null,
          null,
          null,
          1,
          1,
          null,
          null
        ]
      },
      "/home/jao/code/backend/ruby/blog/app/helpers/articles_helper.rb": {
        "lines": [
          1,
          null
        ]
      },
      "/home/jao/code/backend/ruby/blog/app/helpers/comments_helper.rb": {
        "lines": [
          1,
          null
        ]
      },
      "/home/jao/code/backend/ruby/blog/app/helpers/roles_helper.rb": {
        "lines": [
          1,
          null
        ]
      },
      "/home/jao/code/backend/ruby/blog/app/helpers/users_helper.rb": {
        "lines": [
          1,
          null,
          null
        ]
      },
      "/home/jao/code/backend/ruby/blog/spec/support/database_cleaner.rb": {
        "lines": [
          1,
          1,
          1,
          1,
          null,
          null,
          1,
          60,
          60,
          null,
          null,
          null
        ]
      },
      "/home/jao/code/backend/ruby/blog/spec/support/devise.rb": {
        "lines": [
          1,
          1,
          null
        ]
      },
      "/home/jao/code/backend/ruby/blog/spec/support/factory_bot.rb": {
        "lines": [
          1,
          null,
          1,
          1,
          null
        ]
      },
      "/home/jao/code/backend/ruby/blog/app/controllers/application_controller.rb": {
        "lines": [
          1,
          1,
          null,
          1,
          5,
          5,
          null,
          null,
          1,
          null,
          1,
          0,
          0,
          null,
          null
        ]
      },
      "/home/jao/code/backend/ruby/blog/spec/controllers/article_spec.rb": {
        "lines": [
          1,
          null,
          1,
          null,
          2,
          null,
          24,
          3,
          null,
          15,
          2,
          2,
          null,
          null,
          1,
          1,
          12,
          null,
          null,
          1,
          1,
          1,
          null,
          1,
          1,
          null,
          null,
          1,
          null,
          1,
          1,
          null,
          null,
          1,
          null,
          1,
          1,
          null,
          null,
          1,
          2,
          null,
          null,
          1,
          2,
          null,
          null,
          null,
          1,
          1,
          1,
          null,
          1,
          null,
          null,
          1,
          null,
          1,
          1,
          null,
          null,
          null,
          1,
          1,
          1,
          null,
          1,
          null,
          null,
          1,
          1,
          null,
          1,
          null,
          null,
          1,
          1,
          null,
          1,
          null,
          null,
          null,
          1,
          1,
          1,
          null,
          1,
          null,
          null,
          1,
          1,
          1,
          null,
          null,
          null,
          null,
          1,
          null,
          1,
          1,
          1,
          1,
          null,
          1,
          null,
          null,
          1,
          1,
          1,
          null,
          1,
          1,
          null,
          null,
          1,
          1,
          null,
          1,
          null,
          null,
          1,
          1,
          1,
          null,
          null,
          null,
          1,
          1,
          null,
          1,
          1,
          null,
          null,
          null,
          null,
          1,
          null,
          1,
          1,
          1,
          null,
          1,
          1,
          null,
          null,
          1,
          1,
          1,
          null,
          1,
          1,
          null,
          null,
          null,
          1,
          1,
          1,
          1,
          1,
          1,
          null,
          null,
          null,
          1,
          1,
          1,
          null,
          1,
          1,
          null,
          null,
          1,
          1,
          1,
          null,
          1,
          1,
          null,
          null,
          1,
          1,
          1,
          null,
          1,
          null,
          1,
          1,
          null,
          null,
          null,
          null
        ]
      },
      "/home/jao/code/backend/ruby/blog/app/controllers/articles_controller.rb": {
        "lines": [
          1,
          1,
          1,
          null,
          null,
          1,
          3,
          null,
          3,
          null,
          null,
          null,
          1,
          2,
          2,
          null,
          null,
          null,
          1,
          null,
          null,
          null,
          1,
          null,
          null,
          null,
          1,
          2,
          null,
          2,
          2,
          2,
          1,
          null,
          2,
          1,
          null,
          null,
          null,
          null,
          null,
          1,
          2,
          2,
          2,
          1,
          null,
          2,
          1,
          null,
          null,
          null,
          null,
          null,
          1,
          3,
          3,
          6,
          3,
          null,
          null,
          null,
          1,
          null,
          1,
          4,
          null,
          null
        ]
      },
      "/home/jao/code/backend/ruby/blog/spec/controllers/comment_spec.rb": {
        "lines": [
          1,
          null,
          1,
          1,
          null,
          null
        ]
      },
      "/home/jao/code/backend/ruby/blog/spec/controllers/role_spec.rb": {
        "lines": [
          1,
          null,
          1,
          null,
          10,
          null,
          6,
          2,
          2,
          null,
          2,
          null,
          null,
          null,
          null,
          null,
          1,
          5,
          null,
          1,
          1,
          1,
          1,
          null,
          null,
          null,
          1,
          1,
          1,
          1,
          null,
          null,
          1,
          1,
          null,
          1,
          1,
          null,
          null,
          null,
          1,
          1,
          1,
          1,
          null,
          null,
          null,
          null,
          1,
          5,
          null,
          1,
          1,
          1,
          null,
          1,
          null,
          null,
          1,
          1,
          1,
          null,
          null,
          null,
          1,
          1,
          1,
          1,
          null,
          null,
          1,
          1,
          1,
          null,
          null,
          null,
          null,
          1,
          2,
          null,
          1,
          1,
          null,
          1,
          1,
          null,
          null,
          null,
          null
        ]
      },
      "/home/jao/code/backend/ruby/blog/app/controllers/roles_controller.rb": {
        "lines": [
          1,
          1,
          1,
          null,
          null,
          1,
          1,
          null,
          null,
          null,
          1,
          2,
          1,
          null,
          1,
          null,
          null,
          null,
          null,
          1,
          null,
          null,
          null,
          1,
          null,
          null,
          null,
          1,
          2,
          2,
          2,
          1,
          null,
          2,
          1,
          null,
          null,
          null,
          null,
          null,
          1,
          2,
          2,
          2,
          1,
          null,
          2,
          1,
          null,
          null,
          null,
          null,
          null,
          1,
          1,
          1,
          2,
          1,
          null,
          null,
          null,
          1,
          null,
          1,
          4,
          null,
          null
        ]
      },
      "/home/jao/code/backend/ruby/blog/spec/controllers/user_spec.rb": {
        "lines": [
          1,
          null,
          1,
          null,
          11,
          2,
          null,
          17,
          null,
          2,
          null,
          4,
          null,
          1,
          1,
          9,
          null,
          null,
          1,
          null,
          1,
          1,
          1,
          null,
          null,
          1,
          1,
          1,
          null,
          null,
          1,
          null,
          1,
          1,
          null,
          null,
          null,
          1,
          1,
          1,
          null,
          1,
          null,
          null,
          1,
          null,
          1,
          1,
          null,
          null,
          1,
          1,
          null,
          1,
          null,
          null,
          1,
          1,
          null,
          1,
          1,
          null,
          null,
          null,
          1,
          1,
          1,
          null,
          1,
          null,
          null,
          null,
          1,
          1,
          1,
          null,
          1,
          null,
          null,
          null,
          null,
          1,
          1,
          6,
          null,
          null,
          1,
          1,
          1,
          null,
          1,
          null,
          null,
          1,
          1,
          1,
          null,
          null,
          null,
          1,
          1,
          null,
          1,
          null,
          null,
          null,
          1,
          1,
          1,
          1,
          null,
          null,
          null,
          1,
          1,
          1,
          null,
          null,
          null,
          1,
          1,
          1,
          null,
          null,
          null,
          null,
          null,
          null,
          1,
          1,
          1,
          null,
          2,
          null,
          null,
          1,
          1,
          null,
          1,
          null,
          1,
          null,
          null,
          1,
          1,
          1,
          null,
          1,
          null,
          1,
          null,
          null,
          null,
          1,
          2,
          null,
          1,
          1,
          null,
          null,
          null
        ]
      },
      "/home/jao/code/backend/ruby/blog/app/controllers/users_controller.rb": {
        "lines": [
          1,
          1,
          1,
          1,
          null,
          null,
          1,
          3,
          null,
          null,
          null,
          1,
          1,
          2,
          null,
          2,
          0,
          null,
          2,
          null,
          null,
          null,
          null,
          null,
          1,
          null,
          null,
          null,
          1,
          null,
          null,
          null,
          1,
          3,
          3,
          4,
          2,
          null,
          2,
          1,
          null,
          null,
          null,
          null,
          null,
          1,
          3,
          2,
          2,
          null,
          null,
          3,
          1,
          null,
          2,
          null,
          null,
          3,
          1,
          null,
          2,
          null,
          null,
          null,
          null,
          1,
          1,
          1,
          2,
          1,
          null,
          null,
          null,
          1,
          1,
          3,
          null,
          null,
          null,
          1,
          16,
          null,
          null,
          null,
          null,
          null,
          null,
          null,
          1,
          8,
          null,
          null
        ]
      },
      "/home/jao/code/backend/ruby/blog/spec/models/article_spec.rb": {
        "lines": [
          1,
          null,
          1,
          3,
          null,
          1,
          2,
          2,
          null,
          null
        ]
      },
      "/home/jao/code/backend/ruby/blog/app/models/article.rb": {
        "lines": [
          1,
          1,
          null,
          1,
          null,
          1,
          1,
          null,
          1,
          null
        ]
      },
      "/home/jao/code/backend/ruby/blog/spec/models/comment_spec.rb": {
        "lines": [
          1,
          null,
          1,
          2,
          null,
          2,
          null
        ]
      },
      "/home/jao/code/backend/ruby/blog/app/models/comment.rb": {
        "lines": [
          1,
          1,
          1,
          null,
          1,
          null,
          1,
          null
        ]
      },
      "/home/jao/code/backend/ruby/blog/spec/models/role_spec.rb": {
        "lines": [
          1,
          null,
          1,
          3,
          null,
          1,
          2,
          2,
          null,
          null
        ]
      },
      "/home/jao/code/backend/ruby/blog/app/models/role.rb": {
        "lines": [
          1,
          1,
          null,
          1,
          1,
          null
        ]
      },
      "/home/jao/code/backend/ruby/blog/spec/models/user_spec.rb": {
        "lines": [
          1,
          null,
          1,
          5,
          null,
          1,
          2,
          2,
          2,
          null,
          2,
          null,
          null
        ]
      },
      "/home/jao/code/backend/ruby/blog/app/models/ability.rb": {
        "lines": [
          1,
          1,
          null,
          1,
          45,
          null,
          45,
          25,
          20,
          1,
          1,
          1,
          19,
          19,
          19,
          19,
          19,
          19,
          null,
          null,
          null
        ]
      }
    },
    "timestamp": 1636572486
  }
}
